\BOOKMARK [1][-]{section.1}{Introduction}{}% 1
\BOOKMARK [1][-]{section.2}{Headsets}{}% 2
\BOOKMARK [2][-]{subsection.2.1}{Overview}{section.2}% 3
\BOOKMARK [2][-]{subsection.2.2}{Criteria}{section.2}% 4
\BOOKMARK [2][-]{subsection.2.3}{Potential Choices}{section.2}% 5
\BOOKMARK [3][-]{subsubsection.2.3.1}{HTC Vive}{subsection.2.3}% 6
\BOOKMARK [3][-]{subsubsection.2.3.2}{Oculus Rift}{subsection.2.3}% 7
\BOOKMARK [3][-]{subsubsection.2.3.3}{PlayStation VR}{subsection.2.3}% 8
\BOOKMARK [2][-]{subsection.2.4}{Discussion}{section.2}% 9
\BOOKMARK [2][-]{subsection.2.5}{Conclusion}{section.2}% 10
\BOOKMARK [1][-]{section.3}{Programming Languages}{}% 11
\BOOKMARK [2][-]{subsection.3.1}{Overview}{section.3}% 12
\BOOKMARK [2][-]{subsection.3.2}{Criteria}{section.3}% 13
\BOOKMARK [2][-]{subsection.3.3}{Potential Choices}{section.3}% 14
\BOOKMARK [3][-]{subsubsection.3.3.1}{C\043}{subsection.3.3}% 15
\BOOKMARK [3][-]{subsubsection.3.3.2}{C/C++}{subsection.3.3}% 16
\BOOKMARK [3][-]{subsubsection.3.3.3}{Java}{subsection.3.3}% 17
\BOOKMARK [2][-]{subsection.3.4}{Discussion}{section.3}% 18
\BOOKMARK [2][-]{subsection.3.5}{Conclusion}{section.3}% 19
\BOOKMARK [1][-]{section.4}{Connective Software}{}% 20
\BOOKMARK [2][-]{subsection.4.1}{Overview}{section.4}% 21
\BOOKMARK [2][-]{subsection.4.2}{Criteria}{section.4}% 22
\BOOKMARK [2][-]{subsection.4.3}{Potential Choices}{section.4}% 23
\BOOKMARK [3][-]{subsubsection.4.3.1}{Dynamo}{subsection.4.3}% 24
\BOOKMARK [3][-]{subsubsection.4.3.2}{Grasshopper - Iris VR}{subsection.4.3}% 25
\BOOKMARK [3][-]{subsubsection.4.3.3}{Leap Motion}{subsection.4.3}% 26
\BOOKMARK [2][-]{subsection.4.4}{Discussion}{section.4}% 27
\BOOKMARK [2][-]{subsection.4.5}{Conclusion}{section.4}% 28
\BOOKMARK [1][-]{section*.1}{References}{}% 29
